20:49:45,661 (main) INFO  [DataNucleus.Enhancer] - DataNucleus Enhancer (version 5.2.7) for API "JDO"
20:49:45,803 (main) INFO  [DataNucleus.Enhancer] - Class "server.datos.Investigador" is already enhanced.
20:49:45,803 (main) INFO  [DataNucleus.Enhancer] - ENHANCED (Persistable) : server.datos.Investigador
20:49:45,805 (main) INFO  [DataNucleus.Enhancer] - Class "server.datos.Equipo" is already enhanced.
20:49:45,805 (main) INFO  [DataNucleus.Enhancer] - ENHANCED (Persistable) : server.datos.Equipo
20:49:45,806 (main) INFO  [DataNucleus.Enhancer] - Class "server.datos.Investigador_Equipo" is already enhanced.
20:49:45,806 (main) INFO  [DataNucleus.Enhancer] - ENHANCED (Persistable) : server.datos.Investigador_Equipo
20:49:45,808 (main) INFO  [DataNucleus.Enhancer] - Class "server.datos.Avance" is already enhanced.
20:49:45,808 (main) INFO  [DataNucleus.Enhancer] - ENHANCED (Persistable) : server.datos.Avance
20:49:45,809 (main) INFO  [DataNucleus.Enhancer] - Class "server.datos.Organizacion" is already enhanced.
20:49:45,810 (main) INFO  [DataNucleus.Enhancer] - ENHANCED (Persistable) : server.datos.Organizacion
20:49:45,811 (main) INFO  [DataNucleus.Enhancer] - Class "server.datos.Tematica" is already enhanced.
20:49:45,811 (main) INFO  [DataNucleus.Enhancer] - ENHANCED (Persistable) : server.datos.Tematica
20:49:45,813 (main) INFO  [DataNucleus.Enhancer] - Class "server.datos.Proyecto" is already enhanced.
20:49:45,813 (main) INFO  [DataNucleus.Enhancer] - ENHANCED (Persistable) : server.datos.Proyecto
20:49:45,813 (main) INFO  [DataNucleus.Enhancer] - DataNucleus Enhancer completed with success for 7 classes. Timings : input=119 ms, enhance=27 ms, total=146 ms. Consult the log for full details
20:50:53,367 (main) INFO  [DataNucleus.Enhancer] - DataNucleus Enhancer (version 5.2.7) for API "JDO"
20:50:53,508 (main) INFO  [DataNucleus.Enhancer] - Class "server.datos.Investigador" is already enhanced.
20:50:53,508 (main) INFO  [DataNucleus.Enhancer] - ENHANCED (Persistable) : server.datos.Investigador
20:50:53,510 (main) INFO  [DataNucleus.Enhancer] - Class "server.datos.Equipo" is already enhanced.
20:50:53,510 (main) INFO  [DataNucleus.Enhancer] - ENHANCED (Persistable) : server.datos.Equipo
20:50:53,512 (main) INFO  [DataNucleus.Enhancer] - Class "server.datos.Investigador_Equipo" is already enhanced.
20:50:53,512 (main) INFO  [DataNucleus.Enhancer] - ENHANCED (Persistable) : server.datos.Investigador_Equipo
20:50:53,514 (main) INFO  [DataNucleus.Enhancer] - Class "server.datos.Avance" is already enhanced.
20:50:53,514 (main) INFO  [DataNucleus.Enhancer] - ENHANCED (Persistable) : server.datos.Avance
20:50:53,515 (main) INFO  [DataNucleus.Enhancer] - Class "server.datos.Organizacion" is already enhanced.
20:50:53,515 (main) INFO  [DataNucleus.Enhancer] - ENHANCED (Persistable) : server.datos.Organizacion
20:50:53,516 (main) INFO  [DataNucleus.Enhancer] - Class "server.datos.Tematica" is already enhanced.
20:50:53,517 (main) INFO  [DataNucleus.Enhancer] - ENHANCED (Persistable) : server.datos.Tematica
20:50:53,518 (main) INFO  [DataNucleus.Enhancer] - Class "server.datos.Proyecto" is already enhanced.
20:50:53,518 (main) INFO  [DataNucleus.Enhancer] - ENHANCED (Persistable) : server.datos.Proyecto
20:50:53,519 (main) INFO  [DataNucleus.Enhancer] - DataNucleus Enhancer completed with success for 7 classes. Timings : input=116 ms, enhance=26 ms, total=142 ms. Consult the log for full details
10:22:45,126 (main) INFO  [DataNucleus.Enhancer] - DataNucleus Enhancer (version 5.2.7) for API "JDO"
10:22:45,299 (main) INFO  [DataNucleus.Enhancer] - Writing class file "/home/fer/Desktop/software_design/SoftwareDesign_Project/SoftwareDesign_Client/target/classes/server/datos/Investigador.class" with enhanced definition
10:22:45,299 (main) INFO  [DataNucleus.Enhancer] - ENHANCED (Persistable) : server.datos.Investigador
10:22:45,312 (main) INFO  [DataNucleus.Enhancer] - Writing class file "/home/fer/Desktop/software_design/SoftwareDesign_Project/SoftwareDesign_Client/target/classes/server/datos/Equipo.class" with enhanced definition
10:22:45,312 (main) INFO  [DataNucleus.Enhancer] - ENHANCED (Persistable) : server.datos.Equipo
10:22:45,316 (main) INFO  [DataNucleus.Enhancer] - Writing class file "/home/fer/Desktop/software_design/SoftwareDesign_Project/SoftwareDesign_Client/target/classes/server/datos/Investigador_Equipo.class" with enhanced definition
10:22:45,317 (main) INFO  [DataNucleus.Enhancer] - ENHANCED (Persistable) : server.datos.Investigador_Equipo
10:22:45,321 (main) INFO  [DataNucleus.Enhancer] - Writing class file "/home/fer/Desktop/software_design/SoftwareDesign_Project/SoftwareDesign_Client/target/classes/server/datos/Avance.class" with enhanced definition
10:22:45,321 (main) INFO  [DataNucleus.Enhancer] - ENHANCED (Persistable) : server.datos.Avance
10:22:45,326 (main) INFO  [DataNucleus.Enhancer] - Writing class file "/home/fer/Desktop/software_design/SoftwareDesign_Project/SoftwareDesign_Client/target/classes/server/datos/Organizacion.class" with enhanced definition
10:22:45,326 (main) INFO  [DataNucleus.Enhancer] - ENHANCED (Persistable) : server.datos.Organizacion
10:22:45,330 (main) INFO  [DataNucleus.Enhancer] - Writing class file "/home/fer/Desktop/software_design/SoftwareDesign_Project/SoftwareDesign_Client/target/classes/server/datos/Tematica.class" with enhanced definition
10:22:45,331 (main) INFO  [DataNucleus.Enhancer] - ENHANCED (Persistable) : server.datos.Tematica
10:22:45,336 (main) INFO  [DataNucleus.Enhancer] - Writing class file "/home/fer/Desktop/software_design/SoftwareDesign_Project/SoftwareDesign_Client/target/classes/server/datos/Proyecto.class" with enhanced definition
10:22:45,336 (main) INFO  [DataNucleus.Enhancer] - ENHANCED (Persistable) : server.datos.Proyecto
10:22:45,337 (main) INFO  [DataNucleus.Enhancer] - DataNucleus Enhancer completed with success for 7 classes. Timings : input=123 ms, enhance=81 ms, total=204 ms. Consult the log for full details
10:30:22,029 (main) INFO  [DataNucleus.Enhancer] - DataNucleus Enhancer (version 5.2.7) for API "JDO"
10:30:22,245 (main) INFO  [DataNucleus.Enhancer] - Writing class file "/home/fer/Desktop/software_design/SoftwareDesign_Project/SoftwareDesign_Client/target/classes/server/datos/Investigador.class" with enhanced definition
10:30:22,245 (main) INFO  [DataNucleus.Enhancer] - ENHANCED (Persistable) : server.datos.Investigador
10:30:22,252 (main) INFO  [DataNucleus.Enhancer] - Writing class file "/home/fer/Desktop/software_design/SoftwareDesign_Project/SoftwareDesign_Client/target/classes/server/datos/Equipo.class" with enhanced definition
10:30:22,253 (main) INFO  [DataNucleus.Enhancer] - ENHANCED (Persistable) : server.datos.Equipo
10:30:22,258 (main) INFO  [DataNucleus.Enhancer] - Writing class file "/home/fer/Desktop/software_design/SoftwareDesign_Project/SoftwareDesign_Client/target/classes/server/datos/Investigador_Equipo.class" with enhanced definition
10:30:22,258 (main) INFO  [DataNucleus.Enhancer] - ENHANCED (Persistable) : server.datos.Investigador_Equipo
10:30:22,262 (main) INFO  [DataNucleus.Enhancer] - Writing class file "/home/fer/Desktop/software_design/SoftwareDesign_Project/SoftwareDesign_Client/target/classes/server/datos/Avance.class" with enhanced definition
10:30:22,263 (main) INFO  [DataNucleus.Enhancer] - ENHANCED (Persistable) : server.datos.Avance
10:30:22,268 (main) INFO  [DataNucleus.Enhancer] - Writing class file "/home/fer/Desktop/software_design/SoftwareDesign_Project/SoftwareDesign_Client/target/classes/server/datos/Organizacion.class" with enhanced definition
10:30:22,268 (main) INFO  [DataNucleus.Enhancer] - ENHANCED (Persistable) : server.datos.Organizacion
10:30:22,272 (main) INFO  [DataNucleus.Enhancer] - Writing class file "/home/fer/Desktop/software_design/SoftwareDesign_Project/SoftwareDesign_Client/target/classes/server/datos/Tematica.class" with enhanced definition
10:30:22,273 (main) INFO  [DataNucleus.Enhancer] - ENHANCED (Persistable) : server.datos.Tematica
10:30:22,277 (main) INFO  [DataNucleus.Enhancer] - Writing class file "/home/fer/Desktop/software_design/SoftwareDesign_Project/SoftwareDesign_Client/target/classes/server/datos/Proyecto.class" with enhanced definition
10:30:22,278 (main) INFO  [DataNucleus.Enhancer] - ENHANCED (Persistable) : server.datos.Proyecto
10:30:22,279 (main) INFO  [DataNucleus.Enhancer] - DataNucleus Enhancer completed with success for 7 classes. Timings : input=162 ms, enhance=79 ms, total=241 ms. Consult the log for full details
12:25:03,194 (main) INFO  [DataNucleus.Enhancer] - DataNucleus Enhancer (versión 5.2.7) para el API "JDO" utilisando el JRE "{2}"
12:25:03,312 (main) INFO  [DataNucleus.Enhancer] - Escribiendo el archivo de clase "/home/fer/Desktop/SoftwareDesign/SoftwareDesign_Project/SoftwareDesign_Client/target/classes/server/datos/Investigador_Equipo.class" con definicion enhanced
12:25:03,312 (main) INFO  [DataNucleus.Enhancer] - ENHANCED (Persistable) : server.datos.Investigador_Equipo
12:25:03,317 (main) INFO  [DataNucleus.Enhancer] - Escribiendo el archivo de clase "/home/fer/Desktop/SoftwareDesign/SoftwareDesign_Project/SoftwareDesign_Client/target/classes/server/datos/Investigador.class" con definicion enhanced
12:25:03,318 (main) INFO  [DataNucleus.Enhancer] - ENHANCED (Persistable) : server.datos.Investigador
12:25:03,320 (main) INFO  [DataNucleus.Enhancer] - Escribiendo el archivo de clase "/home/fer/Desktop/SoftwareDesign/SoftwareDesign_Project/SoftwareDesign_Client/target/classes/server/datos/Tematica.class" con definicion enhanced
12:25:03,321 (main) INFO  [DataNucleus.Enhancer] - ENHANCED (Persistable) : server.datos.Tematica
12:25:03,324 (main) INFO  [DataNucleus.Enhancer] - Escribiendo el archivo de clase "/home/fer/Desktop/SoftwareDesign/SoftwareDesign_Project/SoftwareDesign_Client/target/classes/server/datos/Equipo.class" con definicion enhanced
12:25:03,324 (main) INFO  [DataNucleus.Enhancer] - ENHANCED (Persistable) : server.datos.Equipo
12:25:03,327 (main) INFO  [DataNucleus.Enhancer] - Escribiendo el archivo de clase "/home/fer/Desktop/SoftwareDesign/SoftwareDesign_Project/SoftwareDesign_Client/target/classes/server/datos/Proyecto.class" con definicion enhanced
12:25:03,328 (main) INFO  [DataNucleus.Enhancer] - ENHANCED (Persistable) : server.datos.Proyecto
12:25:03,330 (main) INFO  [DataNucleus.Enhancer] - Escribiendo el archivo de clase "/home/fer/Desktop/SoftwareDesign/SoftwareDesign_Project/SoftwareDesign_Client/target/classes/server/datos/Avance.class" con definicion enhanced
12:25:03,330 (main) INFO  [DataNucleus.Enhancer] - ENHANCED (Persistable) : server.datos.Avance
12:25:03,333 (main) INFO  [DataNucleus.Enhancer] - Escribiendo el archivo de clase "/home/fer/Desktop/SoftwareDesign/SoftwareDesign_Project/SoftwareDesign_Client/target/classes/server/datos/Organizacion.class" con definicion enhanced
12:25:03,333 (main) INFO  [DataNucleus.Enhancer] - ENHANCED (Persistable) : server.datos.Organizacion
12:25:03,333 (main) INFO  [DataNucleus.Enhancer] - DataNucleus Enhancer ha terminado con exito para 7 clases. Tiempos : input=86 ms, enhance=49 ms, total=135 ms. Compruebe el LOG para los detalles
12:32:40,892 (main) INFO  [DataNucleus.Enhancer] - DataNucleus Enhancer (versión 5.2.7) para el API "JDO" utilisando el JRE "{2}"
12:32:41,002 (main) INFO  [DataNucleus.Enhancer] - Escribiendo el archivo de clase "/home/fer/Desktop/SoftwareDesign/SoftwareDesign_Project/SoftwareDesign_Client/target/classes/server/datos/Investigador_Equipo.class" con definicion enhanced
12:32:41,003 (main) INFO  [DataNucleus.Enhancer] - ENHANCED (Persistable) : server.datos.Investigador_Equipo
12:32:41,007 (main) INFO  [DataNucleus.Enhancer] - Escribiendo el archivo de clase "/home/fer/Desktop/SoftwareDesign/SoftwareDesign_Project/SoftwareDesign_Client/target/classes/server/datos/Investigador.class" con definicion enhanced
12:32:41,008 (main) INFO  [DataNucleus.Enhancer] - ENHANCED (Persistable) : server.datos.Investigador
12:32:41,011 (main) INFO  [DataNucleus.Enhancer] - Escribiendo el archivo de clase "/home/fer/Desktop/SoftwareDesign/SoftwareDesign_Project/SoftwareDesign_Client/target/classes/server/datos/Tematica.class" con definicion enhanced
12:32:41,011 (main) INFO  [DataNucleus.Enhancer] - ENHANCED (Persistable) : server.datos.Tematica
12:32:41,020 (main) INFO  [DataNucleus.Enhancer] - Escribiendo el archivo de clase "/home/fer/Desktop/SoftwareDesign/SoftwareDesign_Project/SoftwareDesign_Client/target/classes/server/datos/Equipo.class" con definicion enhanced
12:32:41,020 (main) INFO  [DataNucleus.Enhancer] - ENHANCED (Persistable) : server.datos.Equipo
12:32:41,023 (main) INFO  [DataNucleus.Enhancer] - Escribiendo el archivo de clase "/home/fer/Desktop/SoftwareDesign/SoftwareDesign_Project/SoftwareDesign_Client/target/classes/server/datos/Proyecto.class" con definicion enhanced
12:32:41,023 (main) INFO  [DataNucleus.Enhancer] - ENHANCED (Persistable) : server.datos.Proyecto
12:32:41,025 (main) INFO  [DataNucleus.Enhancer] - Escribiendo el archivo de clase "/home/fer/Desktop/SoftwareDesign/SoftwareDesign_Project/SoftwareDesign_Client/target/classes/server/datos/Avance.class" con definicion enhanced
12:32:41,025 (main) INFO  [DataNucleus.Enhancer] - ENHANCED (Persistable) : server.datos.Avance
12:32:41,028 (main) INFO  [DataNucleus.Enhancer] - Escribiendo el archivo de clase "/home/fer/Desktop/SoftwareDesign/SoftwareDesign_Project/SoftwareDesign_Client/target/classes/server/datos/Organizacion.class" con definicion enhanced
12:32:41,028 (main) INFO  [DataNucleus.Enhancer] - ENHANCED (Persistable) : server.datos.Organizacion
12:32:41,028 (main) INFO  [DataNucleus.Enhancer] - DataNucleus Enhancer ha terminado con exito para 7 clases. Tiempos : input=84 ms, enhance=49 ms, total=133 ms. Compruebe el LOG para los detalles
